<?xml version="1.0" encoding="UTF-8"?>
<!-- Generated by org.testng.reporters.JUnitReportReporter -->
<testsuite skipped="0" hostname="NEw" name="firstProject.NewMaven" tests="1" failures="0" timestamp="23 Apr 2022 17:47:16 GMT" time="0.011" errors="0">
  <testcase name="m1" time="0.011" classname="firstProject.NewMaven"/>
</testsuite> <!-- firstProject.NewMaven -->
