<?xml version="1.0" encoding="UTF-8"?>
<!-- Generated by org.testng.reporters.JUnitReportReporter -->
<testsuite skipped="1" hostname="NEw" name="LoginPageTestData" tests="1" failures="0" timestamp="2022-05-26T21:01:26 PDT" time="0.000" errors="0">
  <testcase name="f" time="0.000" classname="LoginPageTestData">
    <skipped/>
  </testcase> <!-- f -->
  <system-out/>
</testsuite> <!-- LoginPageTestData -->
