<?xml version="1.0" encoding="UTF-8"?>
<!-- Generated by org.testng.reporters.JUnitReportReporter -->
<testsuite skipped="0" hostname="NEw" name="AutoITDemo.AutoITEx" tests="1" failures="0" timestamp="2022-06-14T20:41:22 PDT" time="8.114" errors="0">
  <testcase name="demoWindowsHandle" time="8.114" classname="AutoITDemo.AutoITEx"/>
  <system-out/>
</testsuite> <!-- AutoITDemo.AutoITEx -->
